<?xml version="1.0" encoding="UTF-8"?>
<!-- Generated by org.testng.reporters.JUnitXMLReporter -->
<testsuite hostname="CYDOBOLCTBNEM.local" name="Default test" tests="4" failures="0" timestamp="8 Nov 2015 00:13:02 GMT" time="12.337" errors="0">
  <testcase name="test_Operation_Validation_web20calculator" time="0.008" classname="core_Assignment.web20calculatorTestNG.Web20calculatorTestParametersArray"/>
  <testcase name="test_Operation_Validation_web20calculator" time="0.0" classname="core_Assignment.web20calculatorTestNG.Web20calculatorTestParametersArray"/>
  <testcase name="test_Operation_Validation_web20calculator" time="0.0" classname="core_Assignment.web20calculatorTestNG.Web20calculatorTestParametersArray"/>
  <testcase name="test_Operation_Validation_web20calculator" time="0.0" classname="core_Assignment.web20calculatorTestNG.Web20calculatorTestParametersArray"/>
</testsuite> <!-- Default test -->
