<?xml version="1.0" encoding="UTF-8"?>
<testng-results skipped="0" failed="0" total="0" passed="0">
  <reporter-output>
  </reporter-output>
  <suite name="core_Assignment.web20calculatorTestNG.TestSuitAllTests" duration-ms="2" started-at="2015-11-07T18:42:04Z" finished-at="2015-11-07T18:42:04Z">
    <groups>
    </groups>
    <test name="Command line test" duration-ms="2" started-at="2015-11-07T18:42:04Z" finished-at="2015-11-07T18:42:04Z">
    </test> <!-- Command line test -->
  </suite> <!-- core_Assignment.web20calculatorTestNG.TestSuitAllTests -->
</testng-results>
